ARM GAS  /var/folders/1t/jyfxp5fx7wl71r4cwcn521_c0000gn/T//cc4f6i8F.s 			page 1


   1              		.syntax unified
   2              		.cpu cortex-m3
   3              		.fpu softvfp
   4              		.eabi_attribute 20, 1
   5              		.eabi_attribute 21, 1
   6              		.eabi_attribute 23, 3
   7              		.eabi_attribute 24, 1
   8              		.eabi_attribute 25, 1
   9              		.eabi_attribute 26, 1
  10              		.eabi_attribute 30, 1
  11              		.eabi_attribute 34, 1
  12              		.eabi_attribute 18, 4
  13              		.thumb
  14              		.file	"system_stm32f1xx.c"
  15              		.text
  16              	.Ltext0:
  17              		.cfi_sections	.debug_frame
  18              		.section	.text.SystemInit,"ax",%progbits
  19              		.align	2
  20              		.global	SystemInit
  21              		.thumb
  22              		.thumb_func
  24              	SystemInit:
  25              	.LFB63:
  26              		.file 1 "Src/system_stm32f1xx.c"
   1:Src/system_stm32f1xx.c **** /**
   2:Src/system_stm32f1xx.c ****   ******************************************************************************
   3:Src/system_stm32f1xx.c ****   * @file    system_stm32f1xx.c
   4:Src/system_stm32f1xx.c ****   * @author  MCD Application Team
   5:Src/system_stm32f1xx.c ****   * @version V4.1.0
   6:Src/system_stm32f1xx.c ****   * @date    29-April-2016
   7:Src/system_stm32f1xx.c ****   * @brief   CMSIS Cortex-M3 Device Peripheral Access Layer System Source File.
   8:Src/system_stm32f1xx.c ****   * 
   9:Src/system_stm32f1xx.c ****   * 1.  This file provides two functions and one global variable to be called from 
  10:Src/system_stm32f1xx.c ****   *     user application:
  11:Src/system_stm32f1xx.c ****   *      - SystemInit(): Setups the system clock (System clock source, PLL Multiplier
  12:Src/system_stm32f1xx.c ****   *                      factors, AHB/APBx prescalers and Flash settings). 
  13:Src/system_stm32f1xx.c ****   *                      This function is called at startup just after reset and 
  14:Src/system_stm32f1xx.c ****   *                      before branch to main program. This call is made inside
  15:Src/system_stm32f1xx.c ****   *                      the "startup_stm32f1xx_xx.s" file.
  16:Src/system_stm32f1xx.c ****   *
  17:Src/system_stm32f1xx.c ****   *      - SystemCoreClock variable: Contains the core clock (HCLK), it can be used
  18:Src/system_stm32f1xx.c ****   *                                  by the user application to setup the SysTick 
  19:Src/system_stm32f1xx.c ****   *                                  timer or configure other parameters.
  20:Src/system_stm32f1xx.c ****   *                                     
  21:Src/system_stm32f1xx.c ****   *      - SystemCoreClockUpdate(): Updates the variable SystemCoreClock and must
  22:Src/system_stm32f1xx.c ****   *                                 be called whenever the core clock is changed
  23:Src/system_stm32f1xx.c ****   *                                 during program execution.
  24:Src/system_stm32f1xx.c ****   *
  25:Src/system_stm32f1xx.c ****   * 2. After each device reset the HSI (8 MHz) is used as system clock source.
  26:Src/system_stm32f1xx.c ****   *    Then SystemInit() function is called, in "startup_stm32f1xx_xx.s" file, to
  27:Src/system_stm32f1xx.c ****   *    configure the system clock before to branch to main program.
  28:Src/system_stm32f1xx.c ****   *
  29:Src/system_stm32f1xx.c ****   * 4. The default value of HSE crystal is set to 8 MHz (or 25 MHz, depending on
  30:Src/system_stm32f1xx.c ****   *    the product used), refer to "HSE_VALUE". 
  31:Src/system_stm32f1xx.c ****   *    When HSE is used as system clock source, directly or through PLL, and you
  32:Src/system_stm32f1xx.c ****   *    are using different crystal you have to adapt the HSE value to your own
ARM GAS  /var/folders/1t/jyfxp5fx7wl71r4cwcn521_c0000gn/T//cc4f6i8F.s 			page 2


  33:Src/system_stm32f1xx.c ****   *    configuration.
  34:Src/system_stm32f1xx.c ****   *        
  35:Src/system_stm32f1xx.c ****   ******************************************************************************
  36:Src/system_stm32f1xx.c ****   * @attention
  37:Src/system_stm32f1xx.c ****   *
  38:Src/system_stm32f1xx.c ****   * <h2><center>&copy; COPYRIGHT(c) 2016 STMicroelectronics</center></h2>
  39:Src/system_stm32f1xx.c ****   *
  40:Src/system_stm32f1xx.c ****   * Redistribution and use in source and binary forms, with or without modification,
  41:Src/system_stm32f1xx.c ****   * are permitted provided that the following conditions are met:
  42:Src/system_stm32f1xx.c ****   *   1. Redistributions of source code must retain the above copyright notice,
  43:Src/system_stm32f1xx.c ****   *      this list of conditions and the following disclaimer.
  44:Src/system_stm32f1xx.c ****   *   2. Redistributions in binary form must reproduce the above copyright notice,
  45:Src/system_stm32f1xx.c ****   *      this list of conditions and the following disclaimer in the documentation
  46:Src/system_stm32f1xx.c ****   *      and/or other materials provided with the distribution.
  47:Src/system_stm32f1xx.c ****   *   3. Neither the name of STMicroelectronics nor the names of its contributors
  48:Src/system_stm32f1xx.c ****   *      may be used to endorse or promote products derived from this software
  49:Src/system_stm32f1xx.c ****   *      without specific prior written permission.
  50:Src/system_stm32f1xx.c ****   *
  51:Src/system_stm32f1xx.c ****   * THIS SOFTWARE IS PROVIDED BY THE COPYRIGHT HOLDERS AND CONTRIBUTORS "AS IS"
  52:Src/system_stm32f1xx.c ****   * AND ANY EXPRESS OR IMPLIED WARRANTIES, INCLUDING, BUT NOT LIMITED TO, THE
  53:Src/system_stm32f1xx.c ****   * IMPLIED WARRANTIES OF MERCHANTABILITY AND FITNESS FOR A PARTICULAR PURPOSE ARE
  54:Src/system_stm32f1xx.c ****   * DISCLAIMED. IN NO EVENT SHALL THE COPYRIGHT HOLDER OR CONTRIBUTORS BE LIABLE
  55:Src/system_stm32f1xx.c ****   * FOR ANY DIRECT, INDIRECT, INCIDENTAL, SPECIAL, EXEMPLARY, OR CONSEQUENTIAL
  56:Src/system_stm32f1xx.c ****   * DAMAGES (INCLUDING, BUT NOT LIMITED TO, PROCUREMENT OF SUBSTITUTE GOODS OR
  57:Src/system_stm32f1xx.c ****   * SERVICES; LOSS OF USE, DATA, OR PROFITS; OR BUSINESS INTERRUPTION) HOWEVER
  58:Src/system_stm32f1xx.c ****   * CAUSED AND ON ANY THEORY OF LIABILITY, WHETHER IN CONTRACT, STRICT LIABILITY,
  59:Src/system_stm32f1xx.c ****   * OR TORT (INCLUDING NEGLIGENCE OR OTHERWISE) ARISING IN ANY WAY OUT OF THE USE
  60:Src/system_stm32f1xx.c ****   * OF THIS SOFTWARE, EVEN IF ADVISED OF THE POSSIBILITY OF SUCH DAMAGE.
  61:Src/system_stm32f1xx.c ****   *
  62:Src/system_stm32f1xx.c ****   ******************************************************************************
  63:Src/system_stm32f1xx.c ****   */
  64:Src/system_stm32f1xx.c **** 
  65:Src/system_stm32f1xx.c **** /** @addtogroup CMSIS
  66:Src/system_stm32f1xx.c ****   * @{
  67:Src/system_stm32f1xx.c ****   */
  68:Src/system_stm32f1xx.c **** 
  69:Src/system_stm32f1xx.c **** /** @addtogroup stm32f1xx_system
  70:Src/system_stm32f1xx.c ****   * @{
  71:Src/system_stm32f1xx.c ****   */  
  72:Src/system_stm32f1xx.c ****   
  73:Src/system_stm32f1xx.c **** /** @addtogroup STM32F1xx_System_Private_Includes
  74:Src/system_stm32f1xx.c ****   * @{
  75:Src/system_stm32f1xx.c ****   */
  76:Src/system_stm32f1xx.c **** 
  77:Src/system_stm32f1xx.c **** #include "stm32f1xx.h"
  78:Src/system_stm32f1xx.c **** 
  79:Src/system_stm32f1xx.c **** /**
  80:Src/system_stm32f1xx.c ****   * @}
  81:Src/system_stm32f1xx.c ****   */
  82:Src/system_stm32f1xx.c **** 
  83:Src/system_stm32f1xx.c **** /** @addtogroup STM32F1xx_System_Private_TypesDefinitions
  84:Src/system_stm32f1xx.c ****   * @{
  85:Src/system_stm32f1xx.c ****   */
  86:Src/system_stm32f1xx.c **** 
  87:Src/system_stm32f1xx.c **** /**
  88:Src/system_stm32f1xx.c ****   * @}
  89:Src/system_stm32f1xx.c ****   */
ARM GAS  /var/folders/1t/jyfxp5fx7wl71r4cwcn521_c0000gn/T//cc4f6i8F.s 			page 3


  90:Src/system_stm32f1xx.c **** 
  91:Src/system_stm32f1xx.c **** /** @addtogroup STM32F1xx_System_Private_Defines
  92:Src/system_stm32f1xx.c ****   * @{
  93:Src/system_stm32f1xx.c ****   */
  94:Src/system_stm32f1xx.c **** 
  95:Src/system_stm32f1xx.c **** #if !defined  (HSE_VALUE) 
  96:Src/system_stm32f1xx.c ****   #define HSE_VALUE    ((uint32_t)8000000) /*!< Default value of the External oscillator in Hz.
  97:Src/system_stm32f1xx.c ****                                                 This value can be provided and adapted by the user 
  98:Src/system_stm32f1xx.c **** #endif /* HSE_VALUE */
  99:Src/system_stm32f1xx.c **** 
 100:Src/system_stm32f1xx.c **** #if !defined  (HSI_VALUE)
 101:Src/system_stm32f1xx.c ****   #define HSI_VALUE    ((uint32_t)8000000) /*!< Default value of the Internal oscillator in Hz.
 102:Src/system_stm32f1xx.c ****                                                 This value can be provided and adapted by the user 
 103:Src/system_stm32f1xx.c **** #endif /* HSI_VALUE */
 104:Src/system_stm32f1xx.c **** 
 105:Src/system_stm32f1xx.c **** /*!< Uncomment the following line if you need to use external SRAM  */ 
 106:Src/system_stm32f1xx.c **** #if defined(STM32F100xE) || defined(STM32F101xE) || defined(STM32F101xG) || defined(STM32F103xE) ||
 107:Src/system_stm32f1xx.c **** /* #define DATA_IN_ExtSRAM */
 108:Src/system_stm32f1xx.c **** #endif /* STM32F100xE || STM32F101xE || STM32F101xG || STM32F103xE || STM32F103xG */
 109:Src/system_stm32f1xx.c **** 
 110:Src/system_stm32f1xx.c **** /*!< Uncomment the following line if you need to relocate your vector Table in
 111:Src/system_stm32f1xx.c ****      Internal SRAM. */ 
 112:Src/system_stm32f1xx.c **** /* #define VECT_TAB_SRAM */
 113:Src/system_stm32f1xx.c **** #define VECT_TAB_OFFSET  0x0 /*!< Vector Table base offset field. 
 114:Src/system_stm32f1xx.c ****                                   This value must be a multiple of 0x200. */
 115:Src/system_stm32f1xx.c **** 
 116:Src/system_stm32f1xx.c **** 
 117:Src/system_stm32f1xx.c **** /**
 118:Src/system_stm32f1xx.c ****   * @}
 119:Src/system_stm32f1xx.c ****   */
 120:Src/system_stm32f1xx.c **** 
 121:Src/system_stm32f1xx.c **** /** @addtogroup STM32F1xx_System_Private_Macros
 122:Src/system_stm32f1xx.c ****   * @{
 123:Src/system_stm32f1xx.c ****   */
 124:Src/system_stm32f1xx.c **** 
 125:Src/system_stm32f1xx.c **** /**
 126:Src/system_stm32f1xx.c ****   * @}
 127:Src/system_stm32f1xx.c ****   */
 128:Src/system_stm32f1xx.c **** 
 129:Src/system_stm32f1xx.c **** /** @addtogroup STM32F1xx_System_Private_Variables
 130:Src/system_stm32f1xx.c ****   * @{
 131:Src/system_stm32f1xx.c ****   */
 132:Src/system_stm32f1xx.c **** 
 133:Src/system_stm32f1xx.c **** /*******************************************************************************
 134:Src/system_stm32f1xx.c **** *  Clock Definitions
 135:Src/system_stm32f1xx.c **** *******************************************************************************/
 136:Src/system_stm32f1xx.c **** #if defined(STM32F100xB) ||defined(STM32F100xE)
 137:Src/system_stm32f1xx.c ****   uint32_t SystemCoreClock         = 24000000;        /*!< System Clock Frequency (Core Clock) */
 138:Src/system_stm32f1xx.c **** #else /*!< HSI Selected as System Clock source */
 139:Src/system_stm32f1xx.c ****   uint32_t SystemCoreClock         = 72000000;        /*!< System Clock Frequency (Core Clock) */
 140:Src/system_stm32f1xx.c **** #endif
 141:Src/system_stm32f1xx.c **** 
 142:Src/system_stm32f1xx.c **** const uint8_t AHBPrescTable[16] = {0, 0, 0, 0, 0, 0, 0, 0, 1, 2, 3, 4, 6, 7, 8, 9};
 143:Src/system_stm32f1xx.c **** const uint8_t APBPrescTable[8] =  {0, 0, 0, 0, 1, 2, 3, 4};
 144:Src/system_stm32f1xx.c **** 
 145:Src/system_stm32f1xx.c **** /**
 146:Src/system_stm32f1xx.c ****   * @}
ARM GAS  /var/folders/1t/jyfxp5fx7wl71r4cwcn521_c0000gn/T//cc4f6i8F.s 			page 4


 147:Src/system_stm32f1xx.c ****   */
 148:Src/system_stm32f1xx.c **** 
 149:Src/system_stm32f1xx.c **** /** @addtogroup STM32F1xx_System_Private_FunctionPrototypes
 150:Src/system_stm32f1xx.c ****   * @{
 151:Src/system_stm32f1xx.c ****   */
 152:Src/system_stm32f1xx.c **** 
 153:Src/system_stm32f1xx.c **** #if defined(STM32F100xE) || defined(STM32F101xE) || defined(STM32F101xG) || defined(STM32F103xE) ||
 154:Src/system_stm32f1xx.c **** #ifdef DATA_IN_ExtSRAM
 155:Src/system_stm32f1xx.c ****   static void SystemInit_ExtMemCtl(void); 
 156:Src/system_stm32f1xx.c **** #endif /* DATA_IN_ExtSRAM */
 157:Src/system_stm32f1xx.c **** #endif /* STM32F100xE || STM32F101xE || STM32F101xG || STM32F103xE || STM32F103xG */
 158:Src/system_stm32f1xx.c **** 
 159:Src/system_stm32f1xx.c **** /**
 160:Src/system_stm32f1xx.c ****   * @}
 161:Src/system_stm32f1xx.c ****   */
 162:Src/system_stm32f1xx.c **** 
 163:Src/system_stm32f1xx.c **** /** @addtogroup STM32F1xx_System_Private_Functions
 164:Src/system_stm32f1xx.c ****   * @{
 165:Src/system_stm32f1xx.c ****   */
 166:Src/system_stm32f1xx.c **** 
 167:Src/system_stm32f1xx.c **** /**
 168:Src/system_stm32f1xx.c ****   * @brief  Setup the microcontroller system
 169:Src/system_stm32f1xx.c ****   *         Initialize the Embedded Flash Interface, the PLL and update the 
 170:Src/system_stm32f1xx.c ****   *         SystemCoreClock variable.
 171:Src/system_stm32f1xx.c ****   * @note   This function should be used only after reset.
 172:Src/system_stm32f1xx.c ****   * @param  None
 173:Src/system_stm32f1xx.c ****   * @retval None
 174:Src/system_stm32f1xx.c ****   */
 175:Src/system_stm32f1xx.c **** void SystemInit (void)
 176:Src/system_stm32f1xx.c **** {
  27              		.loc 1 176 0
  28              		.cfi_startproc
  29              		@ args = 0, pretend = 0, frame = 0
  30              		@ frame_needed = 0, uses_anonymous_args = 0
  31              		@ link register save eliminated.
 177:Src/system_stm32f1xx.c ****   /* Reset the RCC clock configuration to the default reset state(for debug purpose) */
 178:Src/system_stm32f1xx.c ****   /* Set HSION bit */
 179:Src/system_stm32f1xx.c ****   RCC->CR |= (uint32_t)0x00000001;
  32              		.loc 1 179 0
  33 0000 0F4B     		ldr	r3, .L2
  34 0002 1A68     		ldr	r2, [r3]
  35 0004 42F00102 		orr	r2, r2, #1
  36 0008 1A60     		str	r2, [r3]
 180:Src/system_stm32f1xx.c **** 
 181:Src/system_stm32f1xx.c ****   /* Reset SW, HPRE, PPRE1, PPRE2, ADCPRE and MCO bits */
 182:Src/system_stm32f1xx.c **** #if !defined(STM32F105xC) && !defined(STM32F107xC)
 183:Src/system_stm32f1xx.c ****   RCC->CFGR &= (uint32_t)0xF8FF0000;
  37              		.loc 1 183 0
  38 000a 5968     		ldr	r1, [r3, #4]
  39 000c 0D4A     		ldr	r2, .L2+4
  40 000e 0A40     		ands	r2, r2, r1
  41 0010 5A60     		str	r2, [r3, #4]
 184:Src/system_stm32f1xx.c **** #else
 185:Src/system_stm32f1xx.c ****   RCC->CFGR &= (uint32_t)0xF0FF0000;
 186:Src/system_stm32f1xx.c **** #endif /* STM32F105xC */   
 187:Src/system_stm32f1xx.c ****   
 188:Src/system_stm32f1xx.c ****   /* Reset HSEON, CSSON and PLLON bits */
ARM GAS  /var/folders/1t/jyfxp5fx7wl71r4cwcn521_c0000gn/T//cc4f6i8F.s 			page 5


 189:Src/system_stm32f1xx.c ****   RCC->CR &= (uint32_t)0xFEF6FFFF;
  42              		.loc 1 189 0
  43 0012 1A68     		ldr	r2, [r3]
  44 0014 22F08472 		bic	r2, r2, #17301504
  45 0018 22F48032 		bic	r2, r2, #65536
  46 001c 1A60     		str	r2, [r3]
 190:Src/system_stm32f1xx.c **** 
 191:Src/system_stm32f1xx.c ****   /* Reset HSEBYP bit */
 192:Src/system_stm32f1xx.c ****   RCC->CR &= (uint32_t)0xFFFBFFFF;
  47              		.loc 1 192 0
  48 001e 1A68     		ldr	r2, [r3]
  49 0020 22F48022 		bic	r2, r2, #262144
  50 0024 1A60     		str	r2, [r3]
 193:Src/system_stm32f1xx.c **** 
 194:Src/system_stm32f1xx.c ****   /* Reset PLLSRC, PLLXTPRE, PLLMUL and USBPRE/OTGFSPRE bits */
 195:Src/system_stm32f1xx.c ****   RCC->CFGR &= (uint32_t)0xFF80FFFF;
  51              		.loc 1 195 0
  52 0026 5A68     		ldr	r2, [r3, #4]
  53 0028 22F4FE02 		bic	r2, r2, #8323072
  54 002c 5A60     		str	r2, [r3, #4]
 196:Src/system_stm32f1xx.c **** 
 197:Src/system_stm32f1xx.c **** #if defined(STM32F105xC) || defined(STM32F107xC)
 198:Src/system_stm32f1xx.c ****   /* Reset PLL2ON and PLL3ON bits */
 199:Src/system_stm32f1xx.c ****   RCC->CR &= (uint32_t)0xEBFFFFFF;
 200:Src/system_stm32f1xx.c **** 
 201:Src/system_stm32f1xx.c ****   /* Disable all interrupts and clear pending bits  */
 202:Src/system_stm32f1xx.c ****   RCC->CIR = 0x00FF0000;
 203:Src/system_stm32f1xx.c **** 
 204:Src/system_stm32f1xx.c ****   /* Reset CFGR2 register */
 205:Src/system_stm32f1xx.c ****   RCC->CFGR2 = 0x00000000;
 206:Src/system_stm32f1xx.c **** #elif defined(STM32F100xB) || defined(STM32F100xE)
 207:Src/system_stm32f1xx.c ****   /* Disable all interrupts and clear pending bits  */
 208:Src/system_stm32f1xx.c ****   RCC->CIR = 0x009F0000;
 209:Src/system_stm32f1xx.c **** 
 210:Src/system_stm32f1xx.c ****   /* Reset CFGR2 register */
 211:Src/system_stm32f1xx.c ****   RCC->CFGR2 = 0x00000000;      
 212:Src/system_stm32f1xx.c **** #else
 213:Src/system_stm32f1xx.c ****   /* Disable all interrupts and clear pending bits  */
 214:Src/system_stm32f1xx.c ****   RCC->CIR = 0x009F0000;
  55              		.loc 1 214 0
  56 002e 4FF41F02 		mov	r2, #10420224
  57 0032 9A60     		str	r2, [r3, #8]
 215:Src/system_stm32f1xx.c **** #endif /* STM32F105xC */
 216:Src/system_stm32f1xx.c ****     
 217:Src/system_stm32f1xx.c **** #if defined(STM32F100xE) || defined(STM32F101xE) || defined(STM32F101xG) || defined(STM32F103xE) ||
 218:Src/system_stm32f1xx.c ****   #ifdef DATA_IN_ExtSRAM
 219:Src/system_stm32f1xx.c ****     SystemInit_ExtMemCtl(); 
 220:Src/system_stm32f1xx.c ****   #endif /* DATA_IN_ExtSRAM */
 221:Src/system_stm32f1xx.c **** #endif 
 222:Src/system_stm32f1xx.c **** 
 223:Src/system_stm32f1xx.c **** #ifdef VECT_TAB_SRAM
 224:Src/system_stm32f1xx.c ****   SCB->VTOR = SRAM_BASE | VECT_TAB_OFFSET; /* Vector Table Relocation in Internal SRAM. */
 225:Src/system_stm32f1xx.c **** #else
 226:Src/system_stm32f1xx.c ****   SCB->VTOR = FLASH_BASE | VECT_TAB_OFFSET; /* Vector Table Relocation in Internal FLASH. */
  58              		.loc 1 226 0
  59 0034 4FF00062 		mov	r2, #134217728
  60 0038 034B     		ldr	r3, .L2+8
ARM GAS  /var/folders/1t/jyfxp5fx7wl71r4cwcn521_c0000gn/T//cc4f6i8F.s 			page 6


  61 003a 9A60     		str	r2, [r3, #8]
  62 003c 7047     		bx	lr
  63              	.L3:
  64 003e 00BF     		.align	2
  65              	.L2:
  66 0040 00100240 		.word	1073876992
  67 0044 0000FFF8 		.word	-117506048
  68 0048 00ED00E0 		.word	-536810240
  69              		.cfi_endproc
  70              	.LFE63:
  72              		.section	.text.SystemCoreClockUpdate,"ax",%progbits
  73              		.align	2
  74              		.global	SystemCoreClockUpdate
  75              		.thumb
  76              		.thumb_func
  78              	SystemCoreClockUpdate:
  79              	.LFB64:
 227:Src/system_stm32f1xx.c **** #endif 
 228:Src/system_stm32f1xx.c **** }
 229:Src/system_stm32f1xx.c **** 
 230:Src/system_stm32f1xx.c **** /**
 231:Src/system_stm32f1xx.c ****   * @brief  Update SystemCoreClock variable according to Clock Register Values.
 232:Src/system_stm32f1xx.c ****   *         The SystemCoreClock variable contains the core clock (HCLK), it can
 233:Src/system_stm32f1xx.c ****   *         be used by the user application to setup the SysTick timer or configure
 234:Src/system_stm32f1xx.c ****   *         other parameters.
 235:Src/system_stm32f1xx.c ****   *           
 236:Src/system_stm32f1xx.c ****   * @note   Each time the core clock (HCLK) changes, this function must be called
 237:Src/system_stm32f1xx.c ****   *         to update SystemCoreClock variable value. Otherwise, any configuration
 238:Src/system_stm32f1xx.c ****   *         based on this variable will be incorrect.         
 239:Src/system_stm32f1xx.c ****   *     
 240:Src/system_stm32f1xx.c ****   * @note   - The system frequency computed by this function is not the real 
 241:Src/system_stm32f1xx.c ****   *           frequency in the chip. It is calculated based on the predefined 
 242:Src/system_stm32f1xx.c ****   *           constant and the selected clock source:
 243:Src/system_stm32f1xx.c ****   *             
 244:Src/system_stm32f1xx.c ****   *           - If SYSCLK source is HSI, SystemCoreClock will contain the HSI_VALUE(*)
 245:Src/system_stm32f1xx.c ****   *                                              
 246:Src/system_stm32f1xx.c ****   *           - If SYSCLK source is HSE, SystemCoreClock will contain the HSE_VALUE(**)
 247:Src/system_stm32f1xx.c ****   *                          
 248:Src/system_stm32f1xx.c ****   *           - If SYSCLK source is PLL, SystemCoreClock will contain the HSE_VALUE(**) 
 249:Src/system_stm32f1xx.c ****   *             or HSI_VALUE(*) multiplied by the PLL factors.
 250:Src/system_stm32f1xx.c ****   *         
 251:Src/system_stm32f1xx.c ****   *         (*) HSI_VALUE is a constant defined in stm32f1xx.h file (default value
 252:Src/system_stm32f1xx.c ****   *             8 MHz) but the real value may vary depending on the variations
 253:Src/system_stm32f1xx.c ****   *             in voltage and temperature.   
 254:Src/system_stm32f1xx.c ****   *    
 255:Src/system_stm32f1xx.c ****   *         (**) HSE_VALUE is a constant defined in stm32f1xx.h file (default value
 256:Src/system_stm32f1xx.c ****   *              8 MHz or 25 MHz, depending on the product used), user has to ensure
 257:Src/system_stm32f1xx.c ****   *              that HSE_VALUE is same as the real frequency of the crystal used.
 258:Src/system_stm32f1xx.c ****   *              Otherwise, this function may have wrong result.
 259:Src/system_stm32f1xx.c ****   *                
 260:Src/system_stm32f1xx.c ****   *         - The result of this function could be not correct when using fractional
 261:Src/system_stm32f1xx.c ****   *           value for HSE crystal.
 262:Src/system_stm32f1xx.c ****   * @param  None
 263:Src/system_stm32f1xx.c ****   * @retval None
 264:Src/system_stm32f1xx.c ****   */
 265:Src/system_stm32f1xx.c **** void SystemCoreClockUpdate (void)
 266:Src/system_stm32f1xx.c **** {
ARM GAS  /var/folders/1t/jyfxp5fx7wl71r4cwcn521_c0000gn/T//cc4f6i8F.s 			page 7


  80              		.loc 1 266 0
  81              		.cfi_startproc
  82              		@ args = 0, pretend = 0, frame = 0
  83              		@ frame_needed = 0, uses_anonymous_args = 0
  84              		@ link register save eliminated.
  85              	.LVL0:
 267:Src/system_stm32f1xx.c ****   uint32_t tmp = 0, pllmull = 0, pllsource = 0;
 268:Src/system_stm32f1xx.c **** 
 269:Src/system_stm32f1xx.c **** #if defined(STM32F105xC) || defined(STM32F107xC)
 270:Src/system_stm32f1xx.c ****   uint32_t prediv1source = 0, prediv1factor = 0, prediv2factor = 0, pll2mull = 0;
 271:Src/system_stm32f1xx.c **** #endif /* STM32F105xC */
 272:Src/system_stm32f1xx.c **** 
 273:Src/system_stm32f1xx.c **** #if defined(STM32F100xB) || defined(STM32F100xE)
 274:Src/system_stm32f1xx.c ****   uint32_t prediv1factor = 0;
 275:Src/system_stm32f1xx.c **** #endif /* STM32F100xB or STM32F100xE */
 276:Src/system_stm32f1xx.c ****     
 277:Src/system_stm32f1xx.c ****   /* Get SYSCLK source -------------------------------------------------------*/
 278:Src/system_stm32f1xx.c ****   tmp = RCC->CFGR & RCC_CFGR_SWS;
  86              		.loc 1 278 0
  87 0000 1C4B     		ldr	r3, .L13
  88 0002 5B68     		ldr	r3, [r3, #4]
  89 0004 03F00C03 		and	r3, r3, #12
  90              	.LVL1:
 279:Src/system_stm32f1xx.c ****   
 280:Src/system_stm32f1xx.c ****   switch (tmp)
  91              		.loc 1 280 0
  92 0008 042B     		cmp	r3, #4
  93 000a 06D0     		beq	.L6
  94 000c 082B     		cmp	r3, #8
  95 000e 08D0     		beq	.L7
  96 0010 13BB     		cbnz	r3, .L12
 281:Src/system_stm32f1xx.c ****   {
 282:Src/system_stm32f1xx.c ****     case 0x00:  /* HSI used as system clock */
 283:Src/system_stm32f1xx.c ****       SystemCoreClock = HSI_VALUE;
  97              		.loc 1 283 0
  98 0012 194A     		ldr	r2, .L13+4
  99 0014 194B     		ldr	r3, .L13+8
 100              	.LVL2:
 101 0016 1A60     		str	r2, [r3]
 284:Src/system_stm32f1xx.c ****       break;
 102              		.loc 1 284 0
 103 0018 21E0     		b	.L9
 104              	.LVL3:
 105              	.L6:
 285:Src/system_stm32f1xx.c ****     case 0x04:  /* HSE used as system clock */
 286:Src/system_stm32f1xx.c ****       SystemCoreClock = HSE_VALUE;
 106              		.loc 1 286 0
 107 001a 174A     		ldr	r2, .L13+4
 108 001c 174B     		ldr	r3, .L13+8
 109              	.LVL4:
 110 001e 1A60     		str	r2, [r3]
 287:Src/system_stm32f1xx.c ****       break;
 111              		.loc 1 287 0
 112 0020 1DE0     		b	.L9
 113              	.LVL5:
 114              	.L7:
 288:Src/system_stm32f1xx.c ****     case 0x08:  /* PLL used as system clock */
ARM GAS  /var/folders/1t/jyfxp5fx7wl71r4cwcn521_c0000gn/T//cc4f6i8F.s 			page 8


 289:Src/system_stm32f1xx.c **** 
 290:Src/system_stm32f1xx.c ****       /* Get PLL clock source and multiplication factor ----------------------*/
 291:Src/system_stm32f1xx.c ****       pllmull = RCC->CFGR & RCC_CFGR_PLLMULL;
 115              		.loc 1 291 0
 116 0022 144B     		ldr	r3, .L13
 117              	.LVL6:
 118 0024 5A68     		ldr	r2, [r3, #4]
 119              	.LVL7:
 292:Src/system_stm32f1xx.c ****       pllsource = RCC->CFGR & RCC_CFGR_PLLSRC;
 120              		.loc 1 292 0
 121 0026 5B68     		ldr	r3, [r3, #4]
 122              	.LVL8:
 293:Src/system_stm32f1xx.c ****       
 294:Src/system_stm32f1xx.c **** #if !defined(STM32F105xC) && !defined(STM32F107xC)      
 295:Src/system_stm32f1xx.c ****       pllmull = ( pllmull >> 18) + 2;
 123              		.loc 1 295 0
 124 0028 C2F38342 		ubfx	r2, r2, #18, #4
 125              	.LVL9:
 126 002c 0232     		adds	r2, r2, #2
 127              	.LVL10:
 296:Src/system_stm32f1xx.c ****       
 297:Src/system_stm32f1xx.c ****       if (pllsource == 0x00)
 128              		.loc 1 297 0
 129 002e 13F4803F 		tst	r3, #65536
 130 0032 05D1     		bne	.L10
 298:Src/system_stm32f1xx.c ****       {
 299:Src/system_stm32f1xx.c ****         /* HSI oscillator clock divided by 2 selected as PLL clock entry */
 300:Src/system_stm32f1xx.c ****         SystemCoreClock = (HSI_VALUE >> 1) * pllmull;
 131              		.loc 1 300 0
 132 0034 124B     		ldr	r3, .L13+12
 133              	.LVL11:
 134 0036 03FB02F2 		mul	r2, r3, r2
 135              	.LVL12:
 136 003a 104B     		ldr	r3, .L13+8
 137 003c 1A60     		str	r2, [r3]
 138 003e 0EE0     		b	.L9
 139              	.LVL13:
 140              	.L10:
 301:Src/system_stm32f1xx.c ****       }
 302:Src/system_stm32f1xx.c ****       else
 303:Src/system_stm32f1xx.c ****       {
 304:Src/system_stm32f1xx.c ****  #if defined(STM32F100xB) || defined(STM32F100xE)
 305:Src/system_stm32f1xx.c ****        prediv1factor = (RCC->CFGR2 & RCC_CFGR2_PREDIV1) + 1;
 306:Src/system_stm32f1xx.c ****        /* HSE oscillator clock selected as PREDIV1 clock entry */
 307:Src/system_stm32f1xx.c ****        SystemCoreClock = (HSE_VALUE / prediv1factor) * pllmull; 
 308:Src/system_stm32f1xx.c ****  #else
 309:Src/system_stm32f1xx.c ****         /* HSE selected as PLL clock entry */
 310:Src/system_stm32f1xx.c ****         if ((RCC->CFGR & RCC_CFGR_PLLXTPRE) != (uint32_t)RESET)
 141              		.loc 1 310 0
 142 0040 0C4B     		ldr	r3, .L13
 143              	.LVL14:
 144 0042 5B68     		ldr	r3, [r3, #4]
 145 0044 13F4003F 		tst	r3, #131072
 311:Src/system_stm32f1xx.c ****         {/* HSE oscillator clock divided by 2 */
 312:Src/system_stm32f1xx.c ****           SystemCoreClock = (HSE_VALUE >> 1) * pllmull;
 146              		.loc 1 312 0
 147 0048 14BF     		ite	ne
ARM GAS  /var/folders/1t/jyfxp5fx7wl71r4cwcn521_c0000gn/T//cc4f6i8F.s 			page 9


 148 004a 0D4B     		ldrne	r3, .L13+12
 313:Src/system_stm32f1xx.c ****         }
 314:Src/system_stm32f1xx.c ****         else
 315:Src/system_stm32f1xx.c ****         {
 316:Src/system_stm32f1xx.c ****           SystemCoreClock = HSE_VALUE * pllmull;
 149              		.loc 1 316 0
 150 004c 0A4B     		ldreq	r3, .L13+4
 151 004e 03FB02F2 		mul	r2, r3, r2
 152              	.LVL15:
 153 0052 0A4B     		ldr	r3, .L13+8
 154 0054 1A60     		str	r2, [r3]
 155 0056 02E0     		b	.L9
 156              	.LVL16:
 157              	.L12:
 317:Src/system_stm32f1xx.c ****         }
 318:Src/system_stm32f1xx.c ****  #endif
 319:Src/system_stm32f1xx.c ****       }
 320:Src/system_stm32f1xx.c **** #else
 321:Src/system_stm32f1xx.c ****       pllmull = pllmull >> 18;
 322:Src/system_stm32f1xx.c ****       
 323:Src/system_stm32f1xx.c ****       if (pllmull != 0x0D)
 324:Src/system_stm32f1xx.c ****       {
 325:Src/system_stm32f1xx.c ****          pllmull += 2;
 326:Src/system_stm32f1xx.c ****       }
 327:Src/system_stm32f1xx.c ****       else
 328:Src/system_stm32f1xx.c ****       { /* PLL multiplication factor = PLL input clock * 6.5 */
 329:Src/system_stm32f1xx.c ****         pllmull = 13 / 2; 
 330:Src/system_stm32f1xx.c ****       }
 331:Src/system_stm32f1xx.c ****             
 332:Src/system_stm32f1xx.c ****       if (pllsource == 0x00)
 333:Src/system_stm32f1xx.c ****       {
 334:Src/system_stm32f1xx.c ****         /* HSI oscillator clock divided by 2 selected as PLL clock entry */
 335:Src/system_stm32f1xx.c ****         SystemCoreClock = (HSI_VALUE >> 1) * pllmull;
 336:Src/system_stm32f1xx.c ****       }
 337:Src/system_stm32f1xx.c ****       else
 338:Src/system_stm32f1xx.c ****       {/* PREDIV1 selected as PLL clock entry */
 339:Src/system_stm32f1xx.c ****         
 340:Src/system_stm32f1xx.c ****         /* Get PREDIV1 clock source and division factor */
 341:Src/system_stm32f1xx.c ****         prediv1source = RCC->CFGR2 & RCC_CFGR2_PREDIV1SRC;
 342:Src/system_stm32f1xx.c ****         prediv1factor = (RCC->CFGR2 & RCC_CFGR2_PREDIV1) + 1;
 343:Src/system_stm32f1xx.c ****         
 344:Src/system_stm32f1xx.c ****         if (prediv1source == 0)
 345:Src/system_stm32f1xx.c ****         { 
 346:Src/system_stm32f1xx.c ****           /* HSE oscillator clock selected as PREDIV1 clock entry */
 347:Src/system_stm32f1xx.c ****           SystemCoreClock = (HSE_VALUE / prediv1factor) * pllmull;          
 348:Src/system_stm32f1xx.c ****         }
 349:Src/system_stm32f1xx.c ****         else
 350:Src/system_stm32f1xx.c ****         {/* PLL2 clock selected as PREDIV1 clock entry */
 351:Src/system_stm32f1xx.c ****           
 352:Src/system_stm32f1xx.c ****           /* Get PREDIV2 division factor and PLL2 multiplication factor */
 353:Src/system_stm32f1xx.c ****           prediv2factor = ((RCC->CFGR2 & RCC_CFGR2_PREDIV2) >> 4) + 1;
 354:Src/system_stm32f1xx.c ****           pll2mull = ((RCC->CFGR2 & RCC_CFGR2_PLL2MUL) >> 8 ) + 2; 
 355:Src/system_stm32f1xx.c ****           SystemCoreClock = (((HSE_VALUE / prediv2factor) * pll2mull) / prediv1factor) * pllmull;  
 356:Src/system_stm32f1xx.c ****         }
 357:Src/system_stm32f1xx.c ****       }
 358:Src/system_stm32f1xx.c **** #endif /* STM32F105xC */ 
 359:Src/system_stm32f1xx.c ****       break;
ARM GAS  /var/folders/1t/jyfxp5fx7wl71r4cwcn521_c0000gn/T//cc4f6i8F.s 			page 10


 360:Src/system_stm32f1xx.c **** 
 361:Src/system_stm32f1xx.c ****     default:
 362:Src/system_stm32f1xx.c ****       SystemCoreClock = HSI_VALUE;
 158              		.loc 1 362 0
 159 0058 074A     		ldr	r2, .L13+4
 160 005a 084B     		ldr	r3, .L13+8
 161              	.LVL17:
 162 005c 1A60     		str	r2, [r3]
 163              	.LVL18:
 164              	.L9:
 363:Src/system_stm32f1xx.c ****       break;
 364:Src/system_stm32f1xx.c ****   }
 365:Src/system_stm32f1xx.c ****   
 366:Src/system_stm32f1xx.c ****   /* Compute HCLK clock frequency ----------------*/
 367:Src/system_stm32f1xx.c ****   /* Get HCLK prescaler */
 368:Src/system_stm32f1xx.c ****   tmp = AHBPrescTable[((RCC->CFGR & RCC_CFGR_HPRE) >> 4)];
 165              		.loc 1 368 0
 166 005e 054B     		ldr	r3, .L13
 167 0060 5B68     		ldr	r3, [r3, #4]
 168 0062 C3F30313 		ubfx	r3, r3, #4, #4
 169 0066 074A     		ldr	r2, .L13+16
 170 0068 D15C     		ldrb	r1, [r2, r3]	@ zero_extendqisi2
 171              	.LVL19:
 369:Src/system_stm32f1xx.c ****   /* HCLK clock frequency */
 370:Src/system_stm32f1xx.c ****   SystemCoreClock >>= tmp;  
 172              		.loc 1 370 0
 173 006a 044B     		ldr	r3, .L13+8
 174 006c 1A68     		ldr	r2, [r3]
 175 006e CA40     		lsrs	r2, r2, r1
 176 0070 1A60     		str	r2, [r3]
 177 0072 7047     		bx	lr
 178              	.L14:
 179              		.align	2
 180              	.L13:
 181 0074 00100240 		.word	1073876992
 182 0078 00127A00 		.word	8000000
 183 007c 00000000 		.word	.LANCHOR0
 184 0080 00093D00 		.word	4000000
 185 0084 00000000 		.word	.LANCHOR1
 186              		.cfi_endproc
 187              	.LFE64:
 189              		.global	APBPrescTable
 190              		.global	AHBPrescTable
 191              		.global	SystemCoreClock
 192              		.section	.rodata.AHBPrescTable,"a",%progbits
 193              		.align	2
 194              		.set	.LANCHOR1,. + 0
 197              	AHBPrescTable:
 198 0000 00       		.byte	0
 199 0001 00       		.byte	0
 200 0002 00       		.byte	0
 201 0003 00       		.byte	0
 202 0004 00       		.byte	0
 203 0005 00       		.byte	0
 204 0006 00       		.byte	0
 205 0007 00       		.byte	0
 206 0008 01       		.byte	1
ARM GAS  /var/folders/1t/jyfxp5fx7wl71r4cwcn521_c0000gn/T//cc4f6i8F.s 			page 11


 207 0009 02       		.byte	2
 208 000a 03       		.byte	3
 209 000b 04       		.byte	4
 210 000c 06       		.byte	6
 211 000d 07       		.byte	7
 212 000e 08       		.byte	8
 213 000f 09       		.byte	9
 214              		.section	.rodata.APBPrescTable,"a",%progbits
 215              		.align	2
 218              	APBPrescTable:
 219 0000 00       		.byte	0
 220 0001 00       		.byte	0
 221 0002 00       		.byte	0
 222 0003 00       		.byte	0
 223 0004 01       		.byte	1
 224 0005 02       		.byte	2
 225 0006 03       		.byte	3
 226 0007 04       		.byte	4
 227              		.section	.data.SystemCoreClock,"aw",%progbits
 228              		.align	2
 229              		.set	.LANCHOR0,. + 0
 232              	SystemCoreClock:
 233 0000 00A24A04 		.word	72000000
 234              		.text
 235              	.Letext0:
 236              		.file 2 "/Users/deep/Desktop/ARM STM32F103/compiler/arm-none-eabi/include/machine/_default_types.h
 237              		.file 3 "/Users/deep/Desktop/ARM STM32F103/compiler/arm-none-eabi/include/stdint.h"
 238              		.file 4 "Drivers/CMSIS/Include/core_cm3.h"
 239              		.file 5 "Drivers/CMSIS/Device/ST/STM32F1xx/Include/stm32f103xb.h"
 240              		.file 6 "Drivers/CMSIS/Device/ST/STM32F1xx/Include/stm32f1xx.h"
ARM GAS  /var/folders/1t/jyfxp5fx7wl71r4cwcn521_c0000gn/T//cc4f6i8F.s 			page 12


DEFINED SYMBOLS
                            *ABS*:0000000000000000 system_stm32f1xx.c
/var/folders/1t/jyfxp5fx7wl71r4cwcn521_c0000gn/T//cc4f6i8F.s:19     .text.SystemInit:0000000000000000 $t
/var/folders/1t/jyfxp5fx7wl71r4cwcn521_c0000gn/T//cc4f6i8F.s:24     .text.SystemInit:0000000000000000 SystemInit
/var/folders/1t/jyfxp5fx7wl71r4cwcn521_c0000gn/T//cc4f6i8F.s:66     .text.SystemInit:0000000000000040 $d
/var/folders/1t/jyfxp5fx7wl71r4cwcn521_c0000gn/T//cc4f6i8F.s:73     .text.SystemCoreClockUpdate:0000000000000000 $t
/var/folders/1t/jyfxp5fx7wl71r4cwcn521_c0000gn/T//cc4f6i8F.s:78     .text.SystemCoreClockUpdate:0000000000000000 SystemCoreClockUpdate
/var/folders/1t/jyfxp5fx7wl71r4cwcn521_c0000gn/T//cc4f6i8F.s:181    .text.SystemCoreClockUpdate:0000000000000074 $d
/var/folders/1t/jyfxp5fx7wl71r4cwcn521_c0000gn/T//cc4f6i8F.s:218    .rodata.APBPrescTable:0000000000000000 APBPrescTable
/var/folders/1t/jyfxp5fx7wl71r4cwcn521_c0000gn/T//cc4f6i8F.s:197    .rodata.AHBPrescTable:0000000000000000 AHBPrescTable
/var/folders/1t/jyfxp5fx7wl71r4cwcn521_c0000gn/T//cc4f6i8F.s:232    .data.SystemCoreClock:0000000000000000 SystemCoreClock
/var/folders/1t/jyfxp5fx7wl71r4cwcn521_c0000gn/T//cc4f6i8F.s:193    .rodata.AHBPrescTable:0000000000000000 $d
/var/folders/1t/jyfxp5fx7wl71r4cwcn521_c0000gn/T//cc4f6i8F.s:215    .rodata.APBPrescTable:0000000000000000 $d
/var/folders/1t/jyfxp5fx7wl71r4cwcn521_c0000gn/T//cc4f6i8F.s:228    .data.SystemCoreClock:0000000000000000 $d
                     .debug_frame:0000000000000010 $d

NO UNDEFINED SYMBOLS
